[debug] [2020-10-29T16:08:35.933Z] ----------------------------------------------------------------------
[debug] [2020-10-29T16:08:35.935Z] Command:       C:\Program Files\nodejs\node.exe C:\Users\ritav\AppData\Roaming\npm\node_modules\firebase-tools\lib\bin\firebase.js init
[debug] [2020-10-29T16:08:35.936Z] CLI Version:   8.14.1
[debug] [2020-10-29T16:08:35.936Z] Platform:      win32
[debug] [2020-10-29T16:08:35.936Z] Node Version:  v12.18.0
[debug] [2020-10-29T16:08:35.939Z] Time:          Thu Oct 29 2020 21:38:35 GMT+0530 (India Standard Time)
[debug] [2020-10-29T16:08:35.939Z] ----------------------------------------------------------------------
[debug] [2020-10-29T16:08:35.940Z] 
[debug] [2020-10-29T16:08:35.944Z] > command requires scopes: ["email","openid","https://www.googleapis.com/auth/cloudplatformprojects.readonly","https://www.googleapis.com/auth/firebase","https://www.googleapis.com/auth/cloud-platform"]
[debug] [2020-10-29T16:08:35.945Z] > authorizing via signed-in user
[info] 
     ######## #### ########  ######## ########     ###     ######  ########
     ##        ##  ##     ## ##       ##     ##  ##   ##  ##       ##
     ######    ##  ########  ######   ########  #########  ######  ######
     ##        ##  ##    ##  ##       ##     ## ##     ##       ## ##
     ##       #### ##     ## ######## ########  ##     ##  ######  ########

You're about to initialize a Firebase project in this directory:

  C:\Users\ritav\React\todo-app

Before we get started, keep in mind:

  * You are initializing in an existing Firebase project directory

